2021-07-13 09:59:08.576  INFO 14832 --- [restartedMain] c.r.e.ECommerceApiApplication            : Starting ECommerceApiApplication using Java 11.0.2 on DESKTOP-BR976AR with PID 14832 (D:\java\vscode\e-commerce-api\target\classes started by CUONG NGUYEN in D:\java\vscode\e-commerce-api)
2021-07-13 09:59:08.583  INFO 14832 --- [restartedMain] c.r.e.ECommerceApiApplication            : No active profile set, falling back to default profiles: default
2021-07-13 09:59:09.639  INFO 14832 --- [restartedMain] .s.d.r.c.RepositoryConfigurationDelegate : Bootstrapping Spring Data JPA repositories in DEFAULT mode.
2021-07-13 09:59:09.766  INFO 14832 --- [restartedMain] .s.d.r.c.RepositoryConfigurationDelegate : Finished Spring Data repository scanning in 124 ms. Found 12 JPA repository interfaces.
2021-07-13 09:59:10.037  INFO 14832 --- [restartedMain] trationDelegate$BeanPostProcessorChecker : Bean 'org.springframework.security.access.expression.method.DefaultMethodSecurityExpressionHandler@c856818' of type [org.springframework.security.access.expression.method.DefaultMethodSecurityExpressionHandler] is not eligible for getting processed by all BeanPostProcessors (for example: not eligible for auto-proxying)
2021-07-13 09:59:10.050  INFO 14832 --- [restartedMain] trationDelegate$BeanPostProcessorChecker : Bean 'methodSecurityMetadataSource' of type [org.springframework.security.access.method.DelegatingMethodSecurityMetadataSource] is not eligible for getting processed by all BeanPostProcessors (for example: not eligible for auto-proxying)
2021-07-13 09:59:10.263  INFO 14832 --- [restartedMain] o.s.b.w.embedded.tomcat.TomcatWebServer  : Tomcat initialized with port(s): 9995 (http)
2021-07-13 09:59:10.270  INFO 14832 --- [restartedMain] o.apache.catalina.core.StandardService   : Starting service [Tomcat]
2021-07-13 09:59:10.272  INFO 14832 --- [restartedMain] org.apache.catalina.core.StandardEngine  : Starting Servlet engine: [Apache Tomcat/9.0.48]
2021-07-13 09:59:10.343  INFO 14832 --- [restartedMain] o.a.c.c.C.[.[.[/my-shop/api/v1]          : Initializing Spring embedded WebApplicationContext
2021-07-13 09:59:10.344  INFO 14832 --- [restartedMain] w.s.c.ServletWebServerApplicationContext : Root WebApplicationContext: initialization completed in 1732 ms
2021-07-13 09:59:10.525  INFO 14832 --- [restartedMain] o.hibernate.jpa.internal.util.LogHelper  : HHH000204: Processing PersistenceUnitInfo [name: default]
2021-07-13 09:59:10.552  INFO 14832 --- [restartedMain] com.zaxxer.hikari.HikariDataSource       : HikariPool-2 - Starting...
2021-07-13 09:59:10.651  INFO 14832 --- [restartedMain] com.zaxxer.hikari.HikariDataSource       : HikariPool-2 - Start completed.
2021-07-13 09:59:10.655  INFO 14832 --- [restartedMain] org.hibernate.dialect.Dialect            : HHH000400: Using dialect: org.hibernate.dialect.PostgreSQLDialect
2021-07-13 09:59:11.652  WARN 14832 --- [restartedMain] o.h.b.i.InFlightMetadataCollectorImpl    : HHH000069: Duplicate generator name sequence-generator
2021-07-13 09:59:11.670  WARN 14832 --- [restartedMain] o.h.b.i.InFlightMetadataCollectorImpl    : HHH000069: Duplicate generator name sequence-generator
2021-07-13 09:59:11.677  WARN 14832 --- [restartedMain] o.h.b.i.InFlightMetadataCollectorImpl    : HHH000069: Duplicate generator name sequence-generator
2021-07-13 09:59:11.685  WARN 14832 --- [restartedMain] o.h.b.i.InFlightMetadataCollectorImpl    : HHH000069: Duplicate generator name sequence-generator
2021-07-13 09:59:11.695  WARN 14832 --- [restartedMain] o.h.b.i.InFlightMetadataCollectorImpl    : HHH000069: Duplicate generator name sequence-generator
2021-07-13 09:59:11.714  WARN 14832 --- [restartedMain] o.h.b.i.InFlightMetadataCollectorImpl    : HHH000069: Duplicate generator name sequence-generator
2021-07-13 09:59:11.759  WARN 14832 --- [restartedMain] o.h.b.i.InFlightMetadataCollectorImpl    : HHH000069: Duplicate generator name sequence-generator
2021-07-13 09:59:11.779  WARN 14832 --- [restartedMain] o.h.b.i.InFlightMetadataCollectorImpl    : HHH000069: Duplicate generator name sequence-generator
2021-07-13 09:59:11.789  WARN 14832 --- [restartedMain] o.h.b.i.InFlightMetadataCollectorImpl    : HHH000069: Duplicate generator name sequence-generator
2021-07-13 09:59:14.017  INFO 14832 --- [restartedMain] o.h.e.t.j.p.i.JtaPlatformInitiator       : HHH000490: Using JtaPlatform implementation: [org.hibernate.engine.transaction.jta.platform.internal.NoJtaPlatform]
2021-07-13 09:59:14.019  INFO 14832 --- [restartedMain] j.LocalContainerEntityManagerFactoryBean : Initialized JPA EntityManagerFactory for persistence unit 'default'
2021-07-13 09:59:14.489  WARN 14832 --- [restartedMain] JpaBaseConfiguration$JpaWebConfiguration : spring.jpa.open-in-view is enabled by default. Therefore, database queries may be performed during view rendering. Explicitly configure spring.jpa.open-in-view to disable this warning
2021-07-13 09:59:17.007  INFO 14832 --- [restartedMain] o.s.s.web.DefaultSecurityFilterChain     : Will secure any request with [org.springframework.security.web.context.request.async.WebAsyncManagerIntegrationFilter@3d2eac96, org.springframework.security.web.context.SecurityContextPersistenceFilter@7c266786, org.springframework.security.web.header.HeaderWriterFilter@7696143, org.springframework.web.filter.CorsFilter@75ac97b5, org.springframework.security.web.authentication.logout.LogoutFilter@3901fc66, com.rookies.ecommerceapi.security.jwt.JwtAuthTokenFilter@25c95700, org.springframework.security.web.savedrequest.RequestCacheAwareFilter@39d52ac0, org.springframework.security.web.servletapi.SecurityContextHolderAwareRequestFilter@352395d2, org.springframework.security.web.authentication.AnonymousAuthenticationFilter@235e5531, org.springframework.security.web.session.SessionManagementFilter@4c41db81, org.springframework.security.web.access.ExceptionTranslationFilter@641c3996, org.springframework.security.web.access.intercept.FilterSecurityInterceptor@4be6996e]
2021-07-13 09:59:17.408  INFO 14832 --- [restartedMain] o.s.b.d.a.OptionalLiveReloadServer       : LiveReload server is running on port 35729
2021-07-13 09:59:17.448  INFO 14832 --- [restartedMain] o.s.b.w.embedded.tomcat.TomcatWebServer  : Tomcat started on port(s): 9995 (http) with context path '/my-shop/api/v1'
2021-07-13 09:59:17.466  INFO 14832 --- [restartedMain] c.r.e.ECommerceApiApplication            : Started ECommerceApiApplication in 9.074 seconds (JVM running for 374.583)
2021-07-13 09:59:17.501  INFO 14832 --- [restartedMain] .ConditionEvaluationDeltaLoggingListener : Condition evaluation unchanged
